<?xml version="1.0" encoding="UTF-8"?>
<!-- Generated by org.testng.reporters.JUnitReportReporter -->
<testsuite hostname="tabish" failures="0" tests="1" name="test.demo" time="10.527" errors="0" timestamp="2021-10-25T11:02:51 IST" skipped="0">
  <testcase classname="test.demo" name="createEmployeeManagement" time="10.527"/>
  <system-out/>
</testsuite> <!-- test.demo -->
