<?xml version="1.0" encoding="UTF-8"?>
<!-- Generated by org.testng.reporters.JUnitReportReporter -->
<testsuite hostname="tabish" failures="0" tests="1" name="test.ViewEmployee" time="6.673" errors="0" timestamp="2021-10-25T18:15:32 IST" skipped="0">
  <testcase classname="test.ViewEmployee" name="employeeList" time="6.673"/>
  <system-out/>
</testsuite> <!-- test.ViewEmployee -->
