<?xml version="1.0" encoding="UTF-8"?>
<!-- Generated by org.testng.reporters.JUnitReportReporter -->
<testsuite hostname="tabish" failures="0" tests="1" name="test.AddEmployees" time="10.569" errors="0" timestamp="2021-10-25T16:24:20 IST" skipped="0">
  <testcase classname="test.AddEmployees" name="createEmployee" time="10.569"/>
  <system-out/>
</testsuite> <!-- test.AddEmployees -->
